2022-03-08T23:27:36.833+0200 [DEBUG] [org.gradle.launcher.daemon.bootstrap.DaemonMain] Assuming the daemon was started with following jvm opts: [--add-opens, java.base/java.util=ALL-UNNAMED, --add-opens, java.base/java.lang=ALL-UNNAMED, --add-opens, java.base/java.lang.invoke=ALL-UNNAMED, --add-opens, java.base/java.util=ALL-UNNAMED, --add-opens, java.prefs/java.util.prefs=ALL-UNNAMED, --add-opens, java.prefs/java.util.prefs=ALL-UNNAMED, --add-opens, java.base/java.nio.charset=ALL-UNNAMED, --add-opens, java.base/java.net=ALL-UNNAMED, --add-opens, java.base/java.util.concurrent.atomic=ALL-UNNAMED, -Xmx2048m, -Dfile.encoding=UTF-8, -Duser.country=GB, -Duser.language=en, -Duser.variant]
2022-03-08T23:27:36.940+0200 [DEBUG] [org.gradle.internal.nativeintegration.services.NativeServices] Native-platform posix files integration is not available. Continuing with fallback.
2022-03-08T23:27:36.950+0200 [INFO] [org.gradle.launcher.daemon.server.Daemon] start() called on daemon - DefaultDaemonContext[uid=03d31f07-7084-4467-81f8-1380e44f0596,javaHome=C:\Program Files\Android\Android Studio\jre,daemonRegistryDir=C:\Users\dhaka\AndroidStudioProjects\recipe-app\daemon,pid=25288,idleTimeout=10800000,priority=NORMAL,daemonOpts=--add-opens,java.base/java.util=ALL-UNNAMED,--add-opens,java.base/java.lang=ALL-UNNAMED,--add-opens,java.base/java.lang.invoke=ALL-UNNAMED,--add-opens,java.base/java.util=ALL-UNNAMED,--add-opens,java.prefs/java.util.prefs=ALL-UNNAMED,--add-opens,java.prefs/java.util.prefs=ALL-UNNAMED,--add-opens,java.base/java.nio.charset=ALL-UNNAMED,--add-opens,java.base/java.net=ALL-UNNAMED,--add-opens,java.base/java.util.concurrent.atomic=ALL-UNNAMED,-Xmx2048m,-Dfile.encoding=UTF-8,-Duser.country=GB,-Duser.language=en,-Duser.variant]
2022-03-08T23:27:37.147+0200 [DEBUG] [org.gradle.internal.remote.internal.inet.InetAddresses] Adding IP addresses for network interface Software Loopback Interface 1
2022-03-08T23:27:37.149+0200 [DEBUG] [org.gradle.internal.remote.internal.inet.InetAddresses] Is this a loopback interface? true
2022-03-08T23:27:37.149+0200 [DEBUG] [org.gradle.internal.remote.internal.inet.InetAddresses] Adding loopback address /127.0.0.1
2022-03-08T23:27:37.149+0200 [DEBUG] [org.gradle.internal.remote.internal.inet.InetAddresses] Adding loopback address /0:0:0:0:0:0:0:1
2022-03-08T23:27:37.150+0200 [DEBUG] [org.gradle.internal.remote.internal.inet.InetAddresses] Adding IP addresses for network interface WAN Miniport (IKEv2)
2022-03-08T23:27:37.151+0200 [DEBUG] [org.gradle.internal.remote.internal.inet.InetAddresses] Is this a loopback interface? false
2022-03-08T23:27:37.151+0200 [DEBUG] [org.gradle.internal.remote.internal.inet.InetAddresses] Adding IP addresses for network interface Microsoft 6to4 Adapter
2022-03-08T23:27:37.153+0200 [DEBUG] [org.gradle.internal.remote.internal.inet.InetAddresses] Is this a loopback interface? false
2022-03-08T23:27:37.153+0200 [DEBUG] [org.gradle.internal.remote.internal.inet.InetAddresses] Adding IP addresses for network interface WAN Miniport (Network Monitor)
2022-03-08T23:27:37.155+0200 [DEBUG] [org.gradle.internal.remote.internal.inet.InetAddresses] Is this a loopback interface? false
2022-03-08T23:27:37.155+0200 [DEBUG] [org.gradle.internal.remote.internal.inet.InetAddresses] Adding IP addresses for network interface Microsoft IP-HTTPS Platform Adapter
2022-03-08T23:27:37.156+0200 [DEBUG] [org.gradle.internal.remote.internal.inet.InetAddresses] Is this a loopback interface? false
2022-03-08T23:27:37.156+0200 [DEBUG] [org.gradle.internal.remote.internal.inet.InetAddresses] Adding IP addresses for network interface Realtek PCIe GbE Family Controller
2022-03-08T23:27:37.159+0200 [DEBUG] [org.gradle.internal.remote.internal.inet.InetAddresses] Is this a loopback interface? false
2022-03-08T23:27:37.160+0200 [DEBUG] [org.gradle.internal.remote.internal.inet.InetAddresses] Adding remote address /fe80:0:0:0:dd4b:870a:e252:2d46%eth1
2022-03-08T23:27:37.160+0200 [DEBUG] [org.gradle.internal.remote.internal.inet.InetAddresses] Adding IP addresses for network interface WAN Miniport (PPTP)
2022-03-08T23:27:37.161+0200 [DEBUG] [org.gradle.internal.remote.internal.inet.InetAddresses] Is this a loopback interface? false
2022-03-08T23:27:37.161+0200 [DEBUG] [org.gradle.internal.remote.internal.inet.InetAddresses] Adding IP addresses for network interface Realtek 8822CE Wireless LAN 802.11ac PCI-E NIC
2022-03-08T23:27:37.163+0200 [DEBUG] [org.gradle.internal.remote.internal.inet.InetAddresses] Is this a loopback interface? false
2022-03-08T23:27:37.163+0200 [DEBUG] [org.gradle.internal.remote.internal.inet.InetAddresses] Adding remote address /192.168.1.156
2022-03-08T23:27:37.163+0200 [DEBUG] [org.gradle.internal.remote.internal.inet.InetAddresses] Adding remote address /fe80:0:0:0:a5eb:d1d1:c978:f145%wlan0
2022-03-08T23:27:37.163+0200 [DEBUG] [org.gradle.internal.remote.internal.inet.InetAddresses] Adding IP addresses for network interface WAN Miniport (PPPOE)
2022-03-08T23:27:37.164+0200 [DEBUG] [org.gradle.internal.remote.internal.inet.InetAddresses] Is this a loopback interface? false
2022-03-08T23:27:37.164+0200 [DEBUG] [org.gradle.internal.remote.internal.inet.InetAddresses] Adding IP addresses for network interface Microsoft Wi-Fi Direct Virtual Adapter
2022-03-08T23:27:37.166+0200 [DEBUG] [org.gradle.internal.remote.internal.inet.InetAddresses] Is this a loopback interface? false
2022-03-08T23:27:37.166+0200 [DEBUG] [org.gradle.internal.remote.internal.inet.InetAddresses] Adding remote address /fe80:0:0:0:6891:db5f:14b7:5f5d%wlan1
2022-03-08T23:27:37.166+0200 [DEBUG] [org.gradle.internal.remote.internal.inet.InetAddresses] Adding IP addresses for network interface Microsoft Teredo Tunneling Adapter
2022-03-08T23:27:37.167+0200 [DEBUG] [org.gradle.internal.remote.internal.inet.InetAddresses] Is this a loopback interface? false
2022-03-08T23:27:37.168+0200 [DEBUG] [org.gradle.internal.remote.internal.inet.InetAddresses] Adding IP addresses for network interface Microsoft Kernel Debug Network Adapter
2022-03-08T23:27:37.170+0200 [DEBUG] [org.gradle.internal.remote.internal.inet.InetAddresses] Is this a loopback interface? false
2022-03-08T23:27:37.170+0200 [DEBUG] [org.gradle.internal.remote.internal.inet.InetAddresses] Adding IP addresses for network interface WAN Miniport (IP)
2022-03-08T23:27:37.171+0200 [DEBUG] [org.gradle.internal.remote.internal.inet.InetAddresses] Is this a loopback interface? false
2022-03-08T23:27:37.172+0200 [DEBUG] [org.gradle.internal.remote.internal.inet.InetAddresses] Adding IP addresses for network interface WAN Miniport (SSTP)
2022-03-08T23:27:37.173+0200 [DEBUG] [org.gradle.internal.remote.internal.inet.InetAddresses] Is this a loopback interface? false
2022-03-08T23:27:37.173+0200 [DEBUG] [org.gradle.internal.remote.internal.inet.InetAddresses] Adding IP addresses for network interface WAN Miniport (IPv6)
2022-03-08T23:27:37.175+0200 [DEBUG] [org.gradle.internal.remote.internal.inet.InetAddresses] Is this a loopback interface? false
2022-03-08T23:27:37.175+0200 [DEBUG] [org.gradle.internal.remote.internal.inet.InetAddresses] Adding IP addresses for network interface WAN Miniport (L2TP)
2022-03-08T23:27:37.176+0200 [DEBUG] [org.gradle.internal.remote.internal.inet.InetAddresses] Is this a loopback interface? false
2022-03-08T23:27:37.176+0200 [DEBUG] [org.gradle.internal.remote.internal.inet.InetAddresses] Adding IP addresses for network interface Microsoft Wi-Fi Direct Virtual Adapter #2
2022-03-08T23:27:37.178+0200 [DEBUG] [org.gradle.internal.remote.internal.inet.InetAddresses] Is this a loopback interface? false
2022-03-08T23:27:37.178+0200 [DEBUG] [org.gradle.internal.remote.internal.inet.InetAddresses] Adding remote address /fe80:0:0:0:5870:2fcc:e40e:f333%wlan2
2022-03-08T23:27:37.178+0200 [DEBUG] [org.gradle.internal.remote.internal.inet.InetAddresses] Adding IP addresses for network interface Bluetooth Device (Personal Area Network)
2022-03-08T23:27:37.180+0200 [DEBUG] [org.gradle.internal.remote.internal.inet.InetAddresses] Is this a loopback interface? false
2022-03-08T23:27:37.180+0200 [DEBUG] [org.gradle.internal.remote.internal.inet.InetAddresses] Adding remote address /fe80:0:0:0:d1eb:6afd:6651:c9a6%eth5
2022-03-08T23:27:37.180+0200 [DEBUG] [org.gradle.internal.remote.internal.inet.InetAddresses] Adding IP addresses for network interface Realtek PCIe GbE Family Controller-WFP Native MAC Layer LightWeight Filter-0000
2022-03-08T23:27:37.182+0200 [DEBUG] [org.gradle.internal.remote.internal.inet.InetAddresses] Is this a loopback interface? false
2022-03-08T23:27:37.182+0200 [DEBUG] [org.gradle.internal.remote.internal.inet.InetAddresses] Adding IP addresses for network interface Realtek PCIe GbE Family Controller-QoS Packet Scheduler-0000
2022-03-08T23:27:37.184+0200 [DEBUG] [org.gradle.internal.remote.internal.inet.InetAddresses] Is this a loopback interface? false
2022-03-08T23:27:37.184+0200 [DEBUG] [org.gradle.internal.remote.internal.inet.InetAddresses] Adding IP addresses for network interface Realtek PCIe GbE Family Controller-WFP 802.3 MAC Layer LightWeight Filter-0000
2022-03-08T23:27:37.185+0200 [DEBUG] [org.gradle.internal.remote.internal.inet.InetAddresses] Is this a loopback interface? false
2022-03-08T23:27:37.185+0200 [DEBUG] [org.gradle.internal.remote.internal.inet.InetAddresses] Adding IP addresses for network interface Realtek 8822CE Wireless LAN 802.11ac PCI-E NIC-WFP Native MAC Layer LightWeight Filter-0000
2022-03-08T23:27:37.186+0200 [DEBUG] [org.gradle.internal.remote.internal.inet.InetAddresses] Is this a loopback interface? false
2022-03-08T23:27:37.186+0200 [DEBUG] [org.gradle.internal.remote.internal.inet.InetAddresses] Adding IP addresses for network interface Realtek 8822CE Wireless LAN 802.11ac PCI-E NIC-Virtual WiFi Filter Driver-0000
2022-03-08T23:27:37.188+0200 [DEBUG] [org.gradle.internal.remote.internal.inet.InetAddresses] Is this a loopback interface? false
2022-03-08T23:27:37.188+0200 [DEBUG] [org.gradle.internal.remote.internal.inet.InetAddresses] Adding IP addresses for network interface Realtek 8822CE Wireless LAN 802.11ac PCI-E NIC-Native WiFi Filter Driver-0000
2022-03-08T23:27:37.189+0200 [DEBUG] [org.gradle.internal.remote.internal.inet.InetAddresses] Is this a loopback interface? false
2022-03-08T23:27:37.189+0200 [DEBUG] [org.gradle.internal.remote.internal.inet.InetAddresses] Adding IP addresses for network interface Realtek 8822CE Wireless LAN 802.11ac PCI-E NIC-QoS Packet Scheduler-0000
2022-03-08T23:27:37.190+0200 [DEBUG] [org.gradle.internal.remote.internal.inet.InetAddresses] Is this a loopback interface? false
2022-03-08T23:27:37.191+0200 [DEBUG] [org.gradle.internal.remote.internal.inet.InetAddresses] Adding IP addresses for network interface Realtek 8822CE Wireless LAN 802.11ac PCI-E NIC-WFP 802.3 MAC Layer LightWeight Filter-0000
2022-03-08T23:27:37.192+0200 [DEBUG] [org.gradle.internal.remote.internal.inet.InetAddresses] Is this a loopback interface? false
2022-03-08T23:27:37.192+0200 [DEBUG] [org.gradle.internal.remote.internal.inet.InetAddresses] Adding IP addresses for network interface Microsoft Wi-Fi Direct Virtual Adapter-WFP Native MAC Layer LightWeight Filter-0000
2022-03-08T23:27:37.193+0200 [DEBUG] [org.gradle.internal.remote.internal.inet.InetAddresses] Is this a loopback interface? false
2022-03-08T23:27:37.193+0200 [DEBUG] [org.gradle.internal.remote.internal.inet.InetAddresses] Adding IP addresses for network interface Microsoft Wi-Fi Direct Virtual Adapter-Native WiFi Filter Driver-0000
2022-03-08T23:27:37.195+0200 [DEBUG] [org.gradle.internal.remote.internal.inet.InetAddresses] Is this a loopback interface? false
2022-03-08T23:27:37.195+0200 [DEBUG] [org.gradle.internal.remote.internal.inet.InetAddresses] Adding IP addresses for network interface WAN Miniport (IP)-WFP Native MAC Layer LightWeight Filter-0000
2022-03-08T23:27:37.196+0200 [DEBUG] [org.gradle.internal.remote.internal.inet.InetAddresses] Is this a loopback interface? false
2022-03-08T23:27:37.196+0200 [DEBUG] [org.gradle.internal.remote.internal.inet.InetAddresses] Adding IP addresses for network interface WAN Miniport (IP)-QoS Packet Scheduler-0000
2022-03-08T23:27:37.197+0200 [DEBUG] [org.gradle.internal.remote.internal.inet.InetAddresses] Is this a loopback interface? false
2022-03-08T23:27:37.197+0200 [DEBUG] [org.gradle.internal.remote.internal.inet.InetAddresses] Adding IP addresses for network interface WAN Miniport (IPv6)-WFP Native MAC Layer LightWeight Filter-0000
2022-03-08T23:27:37.198+0200 [DEBUG] [org.gradle.internal.remote.internal.inet.InetAddresses] Is this a loopback interface? false
2022-03-08T23:27:37.199+0200 [DEBUG] [org.gradle.internal.remote.internal.inet.InetAddresses] Adding IP addresses for network interface WAN Miniport (IPv6)-QoS Packet Scheduler-0000
2022-03-08T23:27:37.200+0200 [DEBUG] [org.gradle.internal.remote.internal.inet.InetAddresses] Is this a loopback interface? false
2022-03-08T23:27:37.200+0200 [DEBUG] [org.gradle.internal.remote.internal.inet.InetAddresses] Adding IP addresses for network interface WAN Miniport (Network Monitor)-WFP Native MAC Layer LightWeight Filter-0000
2022-03-08T23:27:37.201+0200 [DEBUG] [org.gradle.internal.remote.internal.inet.InetAddresses] Is this a loopback interface? false
2022-03-08T23:27:37.201+0200 [DEBUG] [org.gradle.internal.remote.internal.inet.InetAddresses] Adding IP addresses for network interface WAN Miniport (Network Monitor)-QoS Packet Scheduler-0000
2022-03-08T23:27:37.203+0200 [DEBUG] [org.gradle.internal.remote.internal.inet.InetAddresses] Is this a loopback interface? false
2022-03-08T23:27:37.203+0200 [DEBUG] [org.gradle.internal.remote.internal.inet.InetAddresses] Adding IP addresses for network interface Microsoft Wi-Fi Direct Virtual Adapter-QoS Packet Scheduler-0000
2022-03-08T23:27:37.204+0200 [DEBUG] [org.gradle.internal.remote.internal.inet.InetAddresses] Is this a loopback interface? false
2022-03-08T23:27:37.204+0200 [DEBUG] [org.gradle.internal.remote.internal.inet.InetAddresses] Adding IP addresses for network interface Microsoft Wi-Fi Direct Virtual Adapter-WFP 802.3 MAC Layer LightWeight Filter-0000
2022-03-08T23:27:37.205+0200 [DEBUG] [org.gradle.internal.remote.internal.inet.InetAddresses] Is this a loopback interface? false
2022-03-08T23:27:37.206+0200 [DEBUG] [org.gradle.internal.remote.internal.inet.InetAddresses] Adding IP addresses for network interface Microsoft Wi-Fi Direct Virtual Adapter #2-WFP Native MAC Layer LightWeight Filter-0000
2022-03-08T23:27:37.207+0200 [DEBUG] [org.gradle.internal.remote.internal.inet.InetAddresses] Is this a loopback interface? false
2022-03-08T23:27:37.207+0200 [DEBUG] [org.gradle.internal.remote.internal.inet.InetAddresses] Adding IP addresses for network interface Microsoft Wi-Fi Direct Virtual Adapter #2-Native WiFi Filter Driver-0000
2022-03-08T23:27:37.209+0200 [DEBUG] [org.gradle.internal.remote.internal.inet.InetAddresses] Is this a loopback interface? false
2022-03-08T23:27:37.209+0200 [DEBUG] [org.gradle.internal.remote.internal.inet.InetAddresses] Adding IP addresses for network interface Microsoft Wi-Fi Direct Virtual Adapter #2-QoS Packet Scheduler-0000
2022-03-08T23:27:37.210+0200 [DEBUG] [org.gradle.internal.remote.internal.inet.InetAddresses] Is this a loopback interface? false
2022-03-08T23:27:37.210+0200 [DEBUG] [org.gradle.internal.remote.internal.inet.InetAddresses] Adding IP addresses for network interface Microsoft Wi-Fi Direct Virtual Adapter #2-WFP 802.3 MAC Layer LightWeight Filter-0000
2022-03-08T23:27:37.211+0200 [DEBUG] [org.gradle.internal.remote.internal.inet.InetAddresses] Is this a loopback interface? false
2022-03-08T23:27:37.214+0200 [DEBUG] [org.gradle.internal.remote.internal.inet.TcpIncomingConnector] Listening on [9bc0212b-bc67-4754-8acf-be00c1d69bf4 port:63740, addresses:[localhost/127.0.0.1]].
2022-03-08T23:27:37.220+0200 [DEBUG] [org.gradle.launcher.daemon.server.Daemon] Daemon starting at: Tue Mar 08 23:27:37 EET 2022, with address: [9bc0212b-bc67-4754-8acf-be00c1d69bf4 port:63740, addresses:[localhost/127.0.0.1]]
2022-03-08T23:27:37.220+0200 [INFO] [org.gradle.launcher.daemon.server.DaemonRegistryUpdater] Advertising the daemon address to the clients: [9bc0212b-bc67-4754-8acf-be00c1d69bf4 port:63740, addresses:[localhost/127.0.0.1]]
2022-03-08T23:27:37.220+0200 [DEBUG] [org.gradle.launcher.daemon.server.DaemonRegistryUpdater] Advertised daemon context: DefaultDaemonContext[uid=03d31f07-7084-4467-81f8-1380e44f0596,javaHome=C:\Program Files\Android\Android Studio\jre,daemonRegistryDir=C:\Users\dhaka\AndroidStudioProjects\recipe-app\daemon,pid=25288,idleTimeout=10800000,priority=NORMAL,daemonOpts=--add-opens,java.base/java.util=ALL-UNNAMED,--add-opens,java.base/java.lang=ALL-UNNAMED,--add-opens,java.base/java.lang.invoke=ALL-UNNAMED,--add-opens,java.base/java.util=ALL-UNNAMED,--add-opens,java.prefs/java.util.prefs=ALL-UNNAMED,--add-opens,java.prefs/java.util.prefs=ALL-UNNAMED,--add-opens,java.base/java.nio.charset=ALL-UNNAMED,--add-opens,java.base/java.net=ALL-UNNAMED,--add-opens,java.base/java.util.concurrent.atomic=ALL-UNNAMED,-Xmx2048m,-Dfile.encoding=UTF-8,-Duser.country=GB,-Duser.language=en,-Duser.variant]
2022-03-08T23:27:37.221+0200 [DEBUG] [org.gradle.launcher.daemon.registry.PersistentDaemonRegistry] Storing daemon address: [9bc0212b-bc67-4754-8acf-be00c1d69bf4 port:63740, addresses:[localhost/127.0.0.1]], context: DefaultDaemonContext[uid=03d31f07-7084-4467-81f8-1380e44f0596,javaHome=C:\Program Files\Android\Android Studio\jre,daemonRegistryDir=C:\Users\dhaka\AndroidStudioProjects\recipe-app\daemon,pid=25288,idleTimeout=10800000,priority=NORMAL,daemonOpts=--add-opens,java.base/java.util=ALL-UNNAMED,--add-opens,java.base/java.lang=ALL-UNNAMED,--add-opens,java.base/java.lang.invoke=ALL-UNNAMED,--add-opens,java.base/java.util=ALL-UNNAMED,--add-opens,java.prefs/java.util.prefs=ALL-UNNAMED,--add-opens,java.prefs/java.util.prefs=ALL-UNNAMED,--add-opens,java.base/java.nio.charset=ALL-UNNAMED,--add-opens,java.base/java.net=ALL-UNNAMED,--add-opens,java.base/java.util.concurrent.atomic=ALL-UNNAMED,-Xmx2048m,-Dfile.encoding=UTF-8,-Duser.country=GB,-Duser.language=en,-Duser.variant]
2022-03-08T23:27:37.227+0200 [DEBUG] [org.gradle.cache.internal.DefaultFileLockManager] Waiting to acquire exclusive lock on daemon addresses registry.
2022-03-08T23:27:37.230+0200 [DEBUG] [org.gradle.cache.internal.DefaultFileLockManager] Lock acquired on daemon addresses registry.
2022-03-08T23:27:37.235+0200 [DEBUG] [org.gradle.cache.internal.DefaultFileLockManager] Releasing lock on daemon addresses registry.
2022-03-08T23:27:37.236+0200 [LIFECYCLE] [org.gradle.launcher.daemon.server.Daemon] Daemon server started.
2022-03-08T23:27:37.237+0200 [DEBUG] [org.gradle.launcher.daemon.bootstrap.DaemonStartupCommunication] Completed writing the daemon greeting. Closing streams...
2022-03-08T23:27:37.241+0200 [DEBUG] [org.gradle.launcher.daemon.server.Daemon] stopOnExpiration() called on daemon
2022-03-08T23:27:37.242+0200 [DEBUG] [org.gradle.launcher.daemon.server.Daemon] awaitExpiration() called on daemon
2022-03-08T23:27:37.243+0200 [DEBUG] [org.gradle.launcher.daemon.server.DaemonStateCoordinator] daemon is running. Sleeping until state changes.
2022-03-08T23:27:37.248+0200 [DEBUG] [org.gradle.internal.remote.internal.inet.TcpIncomingConnector] Accepted connection from /127.0.0.1:63742 to /127.0.0.1:63740.
2022-03-08T23:27:37.285+0200 [DEBUG] [org.gradle.launcher.daemon.server.SynchronizedDispatchConnection] thread 28: received class org.gradle.launcher.daemon.protocol.Build
2022-03-08T23:27:37.285+0200 [DEBUG] [org.gradle.launcher.daemon.server.DefaultDaemonConnection] thread 28: Received non-IO message from client: Build{id=0855304d-41b2-4a1a-ae6f-2d4e7e23f851, currentDir=C:\Users\dhaka\AndroidStudioProjects\recipe-app}
2022-03-08T23:27:37.285+0200 [INFO] [org.gradle.launcher.daemon.server.DefaultIncomingConnectionHandler] Received command: Build{id=0855304d-41b2-4a1a-ae6f-2d4e7e23f851, currentDir=C:\Users\dhaka\AndroidStudioProjects\recipe-app}.
2022-03-08T23:27:37.285+0200 [DEBUG] [org.gradle.launcher.daemon.server.DefaultIncomingConnectionHandler] Starting executing command: Build{id=0855304d-41b2-4a1a-ae6f-2d4e7e23f851, currentDir=C:\Users\dhaka\AndroidStudioProjects\recipe-app} with connection: socket connection from /127.0.0.1:63740 to /127.0.0.1:63742.
2022-03-08T23:27:37.288+0200 [DEBUG] [org.gradle.launcher.daemon.server.DaemonStateCoordinator] Command execution: started DaemonCommandExecution[command = Build{id=0855304d-41b2-4a1a-ae6f-2d4e7e23f851, currentDir=C:\Users\dhaka\AndroidStudioProjects\recipe-app}, connection = DefaultDaemonConnection: socket connection from /127.0.0.1:63740 to /127.0.0.1:63742] after 0.0 minutes of idle
2022-03-08T23:27:37.288+0200 [INFO] [org.gradle.launcher.daemon.server.DaemonRegistryUpdater] Marking the daemon as busy, address: [9bc0212b-bc67-4754-8acf-be00c1d69bf4 port:63740, addresses:[localhost/127.0.0.1]]
2022-03-08T23:27:37.289+0200 [DEBUG] [org.gradle.launcher.daemon.registry.PersistentDaemonRegistry] Marking busy by address: [9bc0212b-bc67-4754-8acf-be00c1d69bf4 port:63740, addresses:[localhost/127.0.0.1]]
2022-03-08T23:27:37.290+0200 [DEBUG] [org.gradle.cache.internal.DefaultFileLockManager] Waiting to acquire exclusive lock on daemon addresses registry.
2022-03-08T23:27:37.290+0200 [DEBUG] [org.gradle.cache.internal.DefaultFileLockManager] Lock acquired on daemon addresses registry.
2022-03-08T23:27:37.291+0200 [DEBUG] [org.gradle.cache.internal.DefaultFileLockManager] Releasing lock on daemon addresses registry.
2022-03-08T23:27:37.292+0200 [DEBUG] [org.gradle.launcher.daemon.server.DaemonStateCoordinator] resetting idle timer
2022-03-08T23:27:37.292+0200 [DEBUG] [org.gradle.launcher.daemon.server.DaemonStateCoordinator] daemon is running. Sleeping until state changes.
2022-03-08T23:27:37.293+0200 [INFO] [org.gradle.launcher.daemon.server.exec.StartBuildOrRespondWithBusy] Daemon is about to start building Build{id=0855304d-41b2-4a1a-ae6f-2d4e7e23f851, currentDir=C:\Users\dhaka\AndroidStudioProjects\recipe-app}. Dispatching build started information...
2022-03-08T23:27:37.293+0200 [DEBUG] [org.gradle.launcher.daemon.server.SynchronizedDispatchConnection] thread 30: dispatching org.gradle.launcher.daemon.protocol.BuildStarted@676f61f8
2022-03-08T23:27:37.294+0200 [DEBUG] [org.gradle.launcher.daemon.server.exec.EstablishBuildEnvironment] Configuring env variables: [USERDOMAIN_ROAMINGPROFILE, LOCALAPPDATA, PROCESSOR_LEVEL, USERDOMAIN, LOGONSERVER, JAVA_HOME, SESSIONNAME, ALLUSERSPROFILE, PROCESSOR_ARCHITECTURE, PSModulePath, SystemDrive, OneDrive, APPDATA, USERNAME, ProgramFiles(x86), CommonProgramFiles, Path, PATHEXT, DriverData, OS, OneDriveConsumer, COMPUTERNAME, PROCESSOR_REVISION, CommonProgramW6432, ComSpec, ProgramData, ProgramW6432, TEMP, HOMEPATH, SystemRoot, PROCESSOR_IDENTIFIER, HOMEDRIVE, USERPROFILE, TMP, CommonProgramFiles(x86), ProgramFiles, PUBLIC, windir, NUMBER_OF_PROCESSORS, =::, IDEA_INITIAL_DIRECTORY]
2022-03-08T23:27:37.297+0200 [DEBUG] [org.gradle.launcher.daemon.server.SynchronizedDispatchConnection] thread 28: received class org.gradle.launcher.daemon.protocol.CloseInput
2022-03-08T23:27:37.297+0200 [DEBUG] [org.gradle.launcher.daemon.server.DefaultDaemonConnection] thread 28: Received IO message from client: org.gradle.launcher.daemon.protocol.CloseInput@24394fa9
2022-03-08T23:27:37.299+0200 [DEBUG] [org.gradle.launcher.daemon.server.exec.LogToClient] About to start relaying all logs to the client via the connection.
2022-03-08T23:27:37.299+0200 [INFO] [org.gradle.launcher.daemon.server.exec.LogToClient] The client will now receive all logging from the daemon (pid: 25288). The daemon log file: C:\Users\dhaka\AndroidStudioProjects\recipe-app\daemon\7.2\daemon-25288.out.log
2022-03-08T23:27:37.302+0200 [INFO] [org.gradle.launcher.daemon.server.exec.LogAndCheckHealth] Starting build in new daemon [memory: 2 GiB]
2022-03-08T23:27:37.303+0200 [INFO] [org.gradle.launcher.daemon.server.exec.ForwardClientInput] Closing daemon's stdin at end of input.
2022-03-08T23:27:37.303+0200 [INFO] [org.gradle.launcher.daemon.server.exec.ForwardClientInput] The daemon will no longer process any standard input.
2022-03-08T23:27:37.307+0200 [DEBUG] [org.gradle.launcher.daemon.server.exec.ExecuteBuild] The daemon has started executing the build.
2022-03-08T23:27:37.307+0200 [DEBUG] [org.gradle.launcher.daemon.server.exec.ExecuteBuild] Executing build with daemon context: DefaultDaemonContext[uid=03d31f07-7084-4467-81f8-1380e44f0596,javaHome=C:\Program Files\Android\Android Studio\jre,daemonRegistryDir=C:\Users\dhaka\AndroidStudioProjects\recipe-app\daemon,pid=25288,idleTimeout=10800000,priority=NORMAL,daemonOpts=--add-opens,java.base/java.util=ALL-UNNAMED,--add-opens,java.base/java.lang=ALL-UNNAMED,--add-opens,java.base/java.lang.invoke=ALL-UNNAMED,--add-opens,java.base/java.util=ALL-UNNAMED,--add-opens,java.prefs/java.util.prefs=ALL-UNNAMED,--add-opens,java.prefs/java.util.prefs=ALL-UNNAMED,--add-opens,java.base/java.nio.charset=ALL-UNNAMED,--add-opens,java.base/java.net=ALL-UNNAMED,--add-opens,java.base/java.util.concurrent.atomic=ALL-UNNAMED,-Xmx2048m,-Dfile.encoding=UTF-8,-Duser.country=GB,-Duser.language=en,-Duser.variant]

Deprecated Gradle features were used in this build, making it incompatible with Gradle 8.0.

You can use '--warning-mode all' to show the individual deprecation warnings and determine if they come from your own scripts or plugins.

See https://docs.gradle.org/7.2/userguide/command_line_interface.html#sec:command_line_warnings

BUILD SUCCESSFUL in 45s
28 actionable tasks: 2 executed, 26 up-to-date
2022-03-08T23:28:20.870+0200 [DEBUG] [org.gradle.launcher.daemon.server.exec.ExecuteBuild] The daemon has finished executing the build.
2022-03-08T23:28:20.888+0200 [DEBUG] [org.gradle.launcher.daemon.server.DaemonStateCoordinator] daemon is running. Sleeping until state changes.
2022-03-08T23:28:20.888+0200 [DEBUG] [org.gradle.launcher.daemon.server.DaemonStateCoordinator] Command execution: finished waiting for DaemonCommandExecution[command = Build{id=0855304d-41b2-4a1a-ae6f-2d4e7e23f851, currentDir=C:\Users\dhaka\AndroidStudioProjects\recipe-app}, connection = DefaultDaemonConnection: socket connection from /127.0.0.1:63740 to /127.0.0.1:63742]. Result org.gradle.launcher.daemon.server.DaemonStateCoordinator@1c104025 with state Busy
2022-03-08T23:28:20.889+0200 [DEBUG] [org.gradle.launcher.daemon.server.DaemonStateCoordinator] Command execution: completed DaemonCommandExecution[command = Build{id=0855304d-41b2-4a1a-ae6f-2d4e7e23f851, currentDir=C:\Users\dhaka\AndroidStudioProjects\recipe-app}, connection = DefaultDaemonConnection: socket connection from /127.0.0.1:63740 to /127.0.0.1:63742]
2022-03-08T23:28:20.889+0200 [DEBUG] [org.gradle.launcher.daemon.server.DaemonStateCoordinator] resetting idle timer
2022-03-08T23:28:20.889+0200 [INFO] [org.gradle.launcher.daemon.server.DaemonRegistryUpdater] Marking the daemon as idle, address: [9bc0212b-bc67-4754-8acf-be00c1d69bf4 port:63740, addresses:[localhost/127.0.0.1]]
2022-03-08T23:28:20.889+0200 [DEBUG] [org.gradle.launcher.daemon.registry.PersistentDaemonRegistry] Marking busy by address: [9bc0212b-bc67-4754-8acf-be00c1d69bf4 port:63740, addresses:[localhost/127.0.0.1]]
2022-03-08T23:28:20.891+0200 [DEBUG] [org.gradle.cache.internal.DefaultFileLockManager] Waiting to acquire exclusive lock on daemon addresses registry.
2022-03-08T23:28:20.891+0200 [DEBUG] [org.gradle.cache.internal.DefaultFileLockManager] Lock acquired on daemon addresses registry.
2022-03-08T23:28:20.906+0200 [DEBUG] [org.gradle.cache.internal.DefaultFileLockManager] Releasing lock on daemon addresses registry.
2022-03-08T23:28:20.907+0200 [DEBUG] [org.gradle.launcher.daemon.server.DaemonStateCoordinator] daemon is running. Sleeping until state changes.
2022-03-08T23:28:20.907+0200 [DEBUG] [org.gradle.launcher.daemon.server.exec.ReturnResult] Daemon is dispatching the build result: Success[value=org.gradle.launcher.exec.BuildActionResult@20424a61]
2022-03-08T23:28:20.907+0200 [DEBUG] [org.gradle.launcher.daemon.server.SynchronizedDispatchConnection] thread 27: dispatching Success[value=org.gradle.launcher.exec.BuildActionResult@20424a61]
2022-03-08T23:28:20.908+0200 [DEBUG] [org.gradle.launcher.daemon.server.DefaultIncomingConnectionHandler] Finishing executing command: Build{id=0855304d-41b2-4a1a-ae6f-2d4e7e23f851, currentDir=C:\Users\dhaka\AndroidStudioProjects\recipe-app}
2022-03-08T23:28:20.910+0200 [DEBUG] [org.gradle.launcher.daemon.server.SynchronizedDispatchConnection] thread 28: received class org.gradle.launcher.daemon.protocol.Finished
2022-03-08T23:28:20.910+0200 [DEBUG] [org.gradle.launcher.daemon.server.DefaultDaemonConnection] thread 28: Received non-IO message from client: org.gradle.launcher.daemon.protocol.Finished@3f1f3063
2022-03-08T23:28:20.910+0200 [DEBUG] [org.gradle.launcher.daemon.server.DefaultIncomingConnectionHandler] Received finished message: org.gradle.launcher.daemon.protocol.Finished@3f1f3063
2022-03-08T23:28:20.911+0200 [DEBUG] [org.gradle.launcher.daemon.server.SynchronizedDispatchConnection] thread 27: stopping connection
2022-03-08T23:28:20.911+0200 [DEBUG] [org.gradle.internal.remote.internal.inet.SocketConnection] Discarding EOFException: java.io.EOFException
2022-03-08T23:28:20.911+0200 [DEBUG] [org.gradle.launcher.daemon.server.SynchronizedDispatchConnection] thread 28: received null
2022-03-08T23:28:20.912+0200 [DEBUG] [org.gradle.launcher.daemon.server.DefaultDaemonConnection] thread 28: Received end-of-input from client.
2022-03-08T23:28:20.912+0200 [DEBUG] [org.gradle.launcher.daemon.server.SynchronizedDispatchConnection] thread 27: stopping connection
2022-03-08T23:28:27.253+0200 [DEBUG] [org.gradle.cache.internal.DefaultFileLockManager] Waiting to acquire shared lock on daemon addresses registry.
2022-03-08T23:28:27.254+0200 [DEBUG] [org.gradle.cache.internal.DefaultFileLockManager] Lock acquired on daemon addresses registry.
2022-03-08T23:28:27.254+0200 [DEBUG] [org.gradle.cache.internal.DefaultFileLockManager] Releasing lock on daemon addresses registry.
2022-03-08T23:28:27.255+0200 [DEBUG] [org.gradle.cache.internal.DefaultFileLockManager] Waiting to acquire shared lock on daemon addresses registry.
2022-03-08T23:28:27.255+0200 [DEBUG] [org.gradle.cache.internal.DefaultFileLockManager] Lock acquired on daemon addresses registry.
2022-03-08T23:28:27.255+0200 [DEBUG] [org.gradle.cache.internal.DefaultFileLockManager] Releasing lock on daemon addresses registry.
2022-03-08T23:28:34.341+0200 [DEBUG] [org.gradle.internal.remote.internal.inet.TcpIncomingConnector] Accepted connection from /127.0.0.1:63827 to /127.0.0.1:63740.
2022-03-08T23:28:34.344+0200 [DEBUG] [org.gradle.launcher.daemon.server.SynchronizedDispatchConnection] thread 261: received class org.gradle.launcher.daemon.protocol.Build
2022-03-08T23:28:34.344+0200 [DEBUG] [org.gradle.launcher.daemon.server.DefaultDaemonConnection] thread 261: Received non-IO message from client: Build{id=1859f69f-5d4d-4571-a7fe-12f9e37e098d, currentDir=C:\Users\dhaka\AndroidStudioProjects\recipe-app}
2022-03-08T23:28:34.345+0200 [INFO] [org.gradle.launcher.daemon.server.DefaultIncomingConnectionHandler] Received command: Build{id=1859f69f-5d4d-4571-a7fe-12f9e37e098d, currentDir=C:\Users\dhaka\AndroidStudioProjects\recipe-app}.
2022-03-08T23:28:34.345+0200 [DEBUG] [org.gradle.launcher.daemon.server.DefaultIncomingConnectionHandler] Starting executing command: Build{id=1859f69f-5d4d-4571-a7fe-12f9e37e098d, currentDir=C:\Users\dhaka\AndroidStudioProjects\recipe-app} with connection: socket connection from /127.0.0.1:63740 to /127.0.0.1:63827.
2022-03-08T23:28:34.346+0200 [DEBUG] [org.gradle.launcher.daemon.server.DaemonStateCoordinator] Command execution: started DaemonCommandExecution[command = Build{id=1859f69f-5d4d-4571-a7fe-12f9e37e098d, currentDir=C:\Users\dhaka\AndroidStudioProjects\recipe-app}, connection = DefaultDaemonConnection: socket connection from /127.0.0.1:63740 to /127.0.0.1:63827] after 0.0 minutes of idle
2022-03-08T23:28:34.346+0200 [INFO] [org.gradle.launcher.daemon.server.DaemonRegistryUpdater] Marking the daemon as busy, address: [9bc0212b-bc67-4754-8acf-be00c1d69bf4 port:63740, addresses:[localhost/127.0.0.1]]
2022-03-08T23:28:34.346+0200 [DEBUG] [org.gradle.launcher.daemon.registry.PersistentDaemonRegistry] Marking busy by address: [9bc0212b-bc67-4754-8acf-be00c1d69bf4 port:63740, addresses:[localhost/127.0.0.1]]
2022-03-08T23:28:34.346+0200 [DEBUG] [org.gradle.cache.internal.DefaultFileLockManager] Waiting to acquire exclusive lock on daemon addresses registry.
2022-03-08T23:28:34.347+0200 [DEBUG] [org.gradle.cache.internal.DefaultFileLockManager] Lock acquired on daemon addresses registry.
2022-03-08T23:28:34.348+0200 [DEBUG] [org.gradle.cache.internal.DefaultFileLockManager] Releasing lock on daemon addresses registry.
2022-03-08T23:28:34.348+0200 [DEBUG] [org.gradle.launcher.daemon.server.DaemonStateCoordinator] resetting idle timer
2022-03-08T23:28:34.349+0200 [DEBUG] [org.gradle.launcher.daemon.server.DaemonStateCoordinator] daemon is running. Sleeping until state changes.
2022-03-08T23:28:34.349+0200 [INFO] [org.gradle.launcher.daemon.server.exec.StartBuildOrRespondWithBusy] Daemon is about to start building Build{id=1859f69f-5d4d-4571-a7fe-12f9e37e098d, currentDir=C:\Users\dhaka\AndroidStudioProjects\recipe-app}. Dispatching build started information...
2022-03-08T23:28:34.349+0200 [DEBUG] [org.gradle.launcher.daemon.server.SynchronizedDispatchConnection] thread 30: dispatching org.gradle.launcher.daemon.protocol.BuildStarted@5efd0cae
2022-03-08T23:28:34.350+0200 [DEBUG] [org.gradle.launcher.daemon.server.exec.EstablishBuildEnvironment] Configuring env variables: [USERDOMAIN_ROAMINGPROFILE, LOCALAPPDATA, PROCESSOR_LEVEL, USERDOMAIN, LOGONSERVER, JAVA_HOME, SESSIONNAME, ALLUSERSPROFILE, PROCESSOR_ARCHITECTURE, PSModulePath, SystemDrive, OneDrive, APPDATA, USERNAME, ProgramFiles(x86), CommonProgramFiles, Path, PATHEXT, DriverData, OS, OneDriveConsumer, COMPUTERNAME, PROCESSOR_REVISION, CommonProgramW6432, ComSpec, ProgramData, ProgramW6432, TEMP, HOMEPATH, SystemRoot, PROCESSOR_IDENTIFIER, HOMEDRIVE, USERPROFILE, TMP, CommonProgramFiles(x86), ProgramFiles, PUBLIC, windir, NUMBER_OF_PROCESSORS, =::, IDEA_INITIAL_DIRECTORY]
2022-03-08T23:28:34.350+0200 [DEBUG] [org.gradle.launcher.daemon.server.SynchronizedDispatchConnection] thread 261: received class org.gradle.launcher.daemon.protocol.CloseInput
2022-03-08T23:28:34.350+0200 [DEBUG] [org.gradle.launcher.daemon.server.DefaultDaemonConnection] thread 261: Received IO message from client: org.gradle.launcher.daemon.protocol.CloseInput@31f6e84c
2022-03-08T23:28:34.351+0200 [DEBUG] [org.gradle.launcher.daemon.server.exec.LogToClient] About to start relaying all logs to the client via the connection.
2022-03-08T23:28:34.351+0200 [INFO] [org.gradle.launcher.daemon.server.exec.LogToClient] The client will now receive all logging from the daemon (pid: 25288). The daemon log file: C:\Users\dhaka\AndroidStudioProjects\recipe-app\daemon\7.2\daemon-25288.out.log
2022-03-08T23:28:34.352+0200 [INFO] [org.gradle.launcher.daemon.server.exec.LogAndCheckHealth] Starting 2nd build in daemon [uptime: 57.487 secs, performance: 99%]
2022-03-08T23:28:34.352+0200 [DEBUG] [org.gradle.launcher.daemon.server.exec.ExecuteBuild] The daemon has started executing the build.
2022-03-08T23:28:34.352+0200 [INFO] [org.gradle.launcher.daemon.server.exec.ForwardClientInput] Closing daemon's stdin at end of input.
2022-03-08T23:28:34.352+0200 [DEBUG] [org.gradle.launcher.daemon.server.exec.ExecuteBuild] Executing build with daemon context: DefaultDaemonContext[uid=03d31f07-7084-4467-81f8-1380e44f0596,javaHome=C:\Program Files\Android\Android Studio\jre,daemonRegistryDir=C:\Users\dhaka\AndroidStudioProjects\recipe-app\daemon,pid=25288,idleTimeout=10800000,priority=NORMAL,daemonOpts=--add-opens,java.base/java.util=ALL-UNNAMED,--add-opens,java.base/java.lang=ALL-UNNAMED,--add-opens,java.base/java.lang.invoke=ALL-UNNAMED,--add-opens,java.base/java.util=ALL-UNNAMED,--add-opens,java.prefs/java.util.prefs=ALL-UNNAMED,--add-opens,java.prefs/java.util.prefs=ALL-UNNAMED,--add-opens,java.base/java.nio.charset=ALL-UNNAMED,--add-opens,java.base/java.net=ALL-UNNAMED,--add-opens,java.base/java.util.concurrent.atomic=ALL-UNNAMED,-Xmx2048m,-Dfile.encoding=UTF-8,-Duser.country=GB,-Duser.language=en,-Duser.variant]
2022-03-08T23:28:34.352+0200 [INFO] [org.gradle.launcher.daemon.server.exec.ForwardClientInput] The daemon will no longer process any standard input.

Deprecated Gradle features were used in this build, making it incompatible with Gradle 8.0.

You can use '--warning-mode all' to show the individual deprecation warnings and determine if they come from your own scripts or plugins.

See https://docs.gradle.org/7.2/userguide/command_line_interface.html#sec:command_line_warnings

BUILD SUCCESSFUL in 668ms
28 actionable tasks: 28 up-to-date
2022-03-08T23:28:35.043+0200 [DEBUG] [org.gradle.launcher.daemon.server.exec.ExecuteBuild] The daemon has finished executing the build.
2022-03-08T23:28:35.060+0200 [DEBUG] [org.gradle.launcher.daemon.server.DaemonStateCoordinator] Command execution: finished waiting for DaemonCommandExecution[command = Build{id=1859f69f-5d4d-4571-a7fe-12f9e37e098d, currentDir=C:\Users\dhaka\AndroidStudioProjects\recipe-app}, connection = DefaultDaemonConnection: socket connection from /127.0.0.1:63740 to /127.0.0.1:63827]. Result org.gradle.launcher.daemon.server.DaemonStateCoordinator@1c104025 with state Busy
2022-03-08T23:28:35.060+0200 [DEBUG] [org.gradle.launcher.daemon.server.DaemonStateCoordinator] Command execution: completed DaemonCommandExecution[command = Build{id=1859f69f-5d4d-4571-a7fe-12f9e37e098d, currentDir=C:\Users\dhaka\AndroidStudioProjects\recipe-app}, connection = DefaultDaemonConnection: socket connection from /127.0.0.1:63740 to /127.0.0.1:63827]
2022-03-08T23:28:35.060+0200 [DEBUG] [org.gradle.launcher.daemon.server.DaemonStateCoordinator] resetting idle timer
2022-03-08T23:28:35.060+0200 [INFO] [org.gradle.launcher.daemon.server.DaemonRegistryUpdater] Marking the daemon as idle, address: [9bc0212b-bc67-4754-8acf-be00c1d69bf4 port:63740, addresses:[localhost/127.0.0.1]]
2022-03-08T23:28:35.060+0200 [DEBUG] [org.gradle.launcher.daemon.registry.PersistentDaemonRegistry] Marking busy by address: [9bc0212b-bc67-4754-8acf-be00c1d69bf4 port:63740, addresses:[localhost/127.0.0.1]]
2022-03-08T23:28:35.062+0200 [DEBUG] [org.gradle.cache.internal.DefaultFileLockManager] Waiting to acquire exclusive lock on daemon addresses registry.
2022-03-08T23:28:35.062+0200 [DEBUG] [org.gradle.cache.internal.DefaultFileLockManager] Lock acquired on daemon addresses registry.
2022-03-08T23:28:35.063+0200 [DEBUG] [org.gradle.cache.internal.DefaultFileLockManager] Releasing lock on daemon addresses registry.
2022-03-08T23:28:35.064+0200 [DEBUG] [org.gradle.launcher.daemon.server.DaemonStateCoordinator] daemon is running. Sleeping until state changes.
2022-03-08T23:28:35.064+0200 [DEBUG] [org.gradle.launcher.daemon.server.exec.ReturnResult] Daemon is dispatching the build result: Success[value=org.gradle.launcher.exec.BuildActionResult@41d214a0]
2022-03-08T23:28:35.064+0200 [DEBUG] [org.gradle.launcher.daemon.server.SynchronizedDispatchConnection] thread 27: dispatching Success[value=org.gradle.launcher.exec.BuildActionResult@41d214a0]
2022-03-08T23:28:35.064+0200 [DEBUG] [org.gradle.launcher.daemon.server.DefaultIncomingConnectionHandler] Finishing executing command: Build{id=1859f69f-5d4d-4571-a7fe-12f9e37e098d, currentDir=C:\Users\dhaka\AndroidStudioProjects\recipe-app}
2022-03-08T23:28:35.065+0200 [DEBUG] [org.gradle.launcher.daemon.server.SynchronizedDispatchConnection] thread 261: received class org.gradle.launcher.daemon.protocol.Finished
2022-03-08T23:28:35.065+0200 [DEBUG] [org.gradle.launcher.daemon.server.DefaultDaemonConnection] thread 261: Received non-IO message from client: org.gradle.launcher.daemon.protocol.Finished@3f311002
2022-03-08T23:28:35.065+0200 [DEBUG] [org.gradle.launcher.daemon.server.DefaultIncomingConnectionHandler] Received finished message: org.gradle.launcher.daemon.protocol.Finished@3f311002
2022-03-08T23:28:35.065+0200 [DEBUG] [org.gradle.internal.remote.internal.inet.SocketConnection] Discarding EOFException: java.io.EOFException
2022-03-08T23:28:35.065+0200 [DEBUG] [org.gradle.launcher.daemon.server.SynchronizedDispatchConnection] thread 27: stopping connection
2022-03-08T23:28:35.065+0200 [DEBUG] [org.gradle.launcher.daemon.server.SynchronizedDispatchConnection] thread 261: received null
2022-03-08T23:28:35.066+0200 [DEBUG] [org.gradle.launcher.daemon.server.DefaultDaemonConnection] thread 261: Received end-of-input from client.
2022-03-08T23:28:35.066+0200 [DEBUG] [org.gradle.launcher.daemon.server.SynchronizedDispatchConnection] thread 27: stopping connection
2022-03-08T23:28:37.253+0200 [DEBUG] [org.gradle.cache.internal.DefaultFileLockManager] Waiting to acquire shared lock on daemon addresses registry.
2022-03-08T23:28:37.253+0200 [DEBUG] [org.gradle.cache.internal.DefaultFileLockManager] Lock acquired on daemon addresses registry.
2022-03-08T23:28:37.253+0200 [DEBUG] [org.gradle.cache.internal.DefaultFileLockManager] Releasing lock on daemon addresses registry.
2022-03-08T23:28:37.254+0200 [DEBUG] [org.gradle.cache.internal.DefaultFileLockManager] Waiting to acquire shared lock on daemon addresses registry.
2022-03-08T23:28:37.254+0200 [DEBUG] [org.gradle.cache.internal.DefaultFileLockManager] Lock acquired on daemon addresses registry.
2022-03-08T23:28:37.255+0200 [DEBUG] [org.gradle.cache.internal.DefaultFileLockManager] Releasing lock on daemon addresses registry.
2022-03-08T23:28:47.244+0200 [DEBUG] [org.gradle.cache.internal.DefaultFileLockManager] Waiting to acquire shared lock on daemon addresses registry.
2022-03-08T23:28:47.244+0200 [DEBUG] [org.gradle.cache.internal.DefaultFileLockManager] Lock acquired on daemon addresses registry.
2022-03-08T23:28:47.245+0200 [DEBUG] [org.gradle.cache.internal.DefaultFileLockManager] Releasing lock on daemon addresses registry.
2022-03-08T23:28:47.245+0200 [DEBUG] [org.gradle.cache.internal.DefaultFileLockManager] Waiting to acquire shared lock on daemon addresses registry.
2022-03-08T23:28:47.246+0200 [DEBUG] [org.gradle.cache.internal.DefaultFileLockManager] Lock acquired on daemon addresses registry.
2022-03-08T23:28:47.246+0200 [DEBUG] [org.gradle.cache.internal.DefaultFileLockManager] Releasing lock on daemon addresses registry.
2022-03-08T23:28:47.246+0200 [DEBUG] [org.gradle.cache.internal.DefaultFileLockManager] Waiting to acquire shared lock on daemon addresses registry.
2022-03-08T23:28:47.247+0200 [DEBUG] [org.gradle.cache.internal.DefaultFileLockManager] Lock acquired on daemon addresses registry.
2022-03-08T23:28:47.247+0200 [DEBUG] [org.gradle.cache.internal.DefaultFileLockManager] Releasing lock on daemon addresses registry.
2022-03-08T23:28:57.255+0200 [DEBUG] [org.gradle.cache.internal.DefaultFileLockManager] Waiting to acquire shared lock on daemon addresses registry.
2022-03-08T23:28:57.255+0200 [DEBUG] [org.gradle.cache.internal.DefaultFileLockManager] Lock acquired on daemon addresses registry.
2022-03-08T23:28:57.255+0200 [DEBUG] [org.gradle.cache.internal.DefaultFileLockManager] Releasing lock on daemon addresses registry.
2022-03-08T23:28:57.256+0200 [DEBUG] [org.gradle.cache.internal.DefaultFileLockManager] Waiting to acquire shared lock on daemon addresses registry.
2022-03-08T23:28:57.256+0200 [DEBUG] [org.gradle.cache.internal.DefaultFileLockManager] Lock acquired on daemon addresses registry.
2022-03-08T23:28:57.257+0200 [DEBUG] [org.gradle.cache.internal.DefaultFileLockManager] Releasing lock on daemon addresses registry.
2022-03-08T23:28:57.257+0200 [DEBUG] [org.gradle.cache.internal.DefaultFileLockManager] Waiting to acquire shared lock on daemon addresses registry.
2022-03-08T23:28:57.257+0200 [DEBUG] [org.gradle.cache.internal.DefaultFileLockManager] Lock acquired on daemon addresses registry.
2022-03-08T23:28:57.257+0200 [DEBUG] [org.gradle.cache.internal.DefaultFileLockManager] Releasing lock on daemon addresses registry.
2022-03-08T23:29:07.251+0200 [DEBUG] [org.gradle.cache.internal.DefaultFileLockManager] Waiting to acquire shared lock on daemon addresses registry.
2022-03-08T23:29:07.251+0200 [DEBUG] [org.gradle.cache.internal.DefaultFileLockManager] Lock acquired on daemon addresses registry.
2022-03-08T23:29:07.251+0200 [DEBUG] [org.gradle.cache.internal.DefaultFileLockManager] Releasing lock on daemon addresses registry.
2022-03-08T23:29:07.252+0200 [DEBUG] [org.gradle.cache.internal.DefaultFileLockManager] Waiting to acquire shared lock on daemon addresses registry.
2022-03-08T23:29:07.252+0200 [DEBUG] [org.gradle.cache.internal.DefaultFileLockManager] Lock acquired on daemon addresses registry.
2022-03-08T23:29:07.253+0200 [DEBUG] [org.gradle.cache.internal.DefaultFileLockManager] Releasing lock on daemon addresses registry.
2022-03-08T23:29:07.253+0200 [DEBUG] [org.gradle.cache.internal.DefaultFileLockManager] Waiting to acquire shared lock on daemon addresses registry.
2022-03-08T23:29:07.253+0200 [DEBUG] [org.gradle.cache.internal.DefaultFileLockManager] Lock acquired on daemon addresses registry.
2022-03-08T23:29:07.254+0200 [DEBUG] [org.gradle.cache.internal.DefaultFileLockManager] Releasing lock on daemon addresses registry.
2022-03-08T23:29:13.275+0200 [DEBUG] [org.gradle.internal.remote.internal.inet.TcpIncomingConnector] Accepted connection from /127.0.0.1:63878 to /127.0.0.1:63740.
2022-03-08T23:29:13.279+0200 [DEBUG] [org.gradle.launcher.daemon.server.SynchronizedDispatchConnection] thread 449: received class org.gradle.launcher.daemon.protocol.Build
2022-03-08T23:29:13.279+0200 [DEBUG] [org.gradle.launcher.daemon.server.DefaultDaemonConnection] thread 449: Received non-IO message from client: Build{id=0b4d3340-cdc8-4802-b547-0622dfcf2cab, currentDir=C:\Users\dhaka\AndroidStudioProjects\Assignment61}
2022-03-08T23:29:13.279+0200 [INFO] [org.gradle.launcher.daemon.server.DefaultIncomingConnectionHandler] Received command: Build{id=0b4d3340-cdc8-4802-b547-0622dfcf2cab, currentDir=C:\Users\dhaka\AndroidStudioProjects\Assignment61}.
2022-03-08T23:29:13.279+0200 [DEBUG] [org.gradle.launcher.daemon.server.DefaultIncomingConnectionHandler] Starting executing command: Build{id=0b4d3340-cdc8-4802-b547-0622dfcf2cab, currentDir=C:\Users\dhaka\AndroidStudioProjects\Assignment61} with connection: socket connection from /127.0.0.1:63740 to /127.0.0.1:63878.
2022-03-08T23:29:13.280+0200 [DEBUG] [org.gradle.launcher.daemon.server.DaemonStateCoordinator] Command execution: started DaemonCommandExecution[command = Build{id=0b4d3340-cdc8-4802-b547-0622dfcf2cab, currentDir=C:\Users\dhaka\AndroidStudioProjects\Assignment61}, connection = DefaultDaemonConnection: socket connection from /127.0.0.1:63740 to /127.0.0.1:63878] after 0.0 minutes of idle
2022-03-08T23:29:13.280+0200 [INFO] [org.gradle.launcher.daemon.server.DaemonRegistryUpdater] Marking the daemon as busy, address: [9bc0212b-bc67-4754-8acf-be00c1d69bf4 port:63740, addresses:[localhost/127.0.0.1]]
2022-03-08T23:29:13.280+0200 [DEBUG] [org.gradle.launcher.daemon.registry.PersistentDaemonRegistry] Marking busy by address: [9bc0212b-bc67-4754-8acf-be00c1d69bf4 port:63740, addresses:[localhost/127.0.0.1]]
2022-03-08T23:29:13.281+0200 [DEBUG] [org.gradle.cache.internal.DefaultFileLockManager] Waiting to acquire exclusive lock on daemon addresses registry.
2022-03-08T23:29:13.281+0200 [DEBUG] [org.gradle.cache.internal.DefaultFileLockManager] Lock acquired on daemon addresses registry.
2022-03-08T23:29:13.282+0200 [DEBUG] [org.gradle.cache.internal.DefaultFileLockManager] Releasing lock on daemon addresses registry.
2022-03-08T23:29:13.283+0200 [DEBUG] [org.gradle.launcher.daemon.server.DaemonStateCoordinator] resetting idle timer
2022-03-08T23:29:13.283+0200 [DEBUG] [org.gradle.launcher.daemon.server.DaemonStateCoordinator] daemon is running. Sleeping until state changes.
2022-03-08T23:29:13.283+0200 [INFO] [org.gradle.launcher.daemon.server.exec.StartBuildOrRespondWithBusy] Daemon is about to start building Build{id=0b4d3340-cdc8-4802-b547-0622dfcf2cab, currentDir=C:\Users\dhaka\AndroidStudioProjects\Assignment61}. Dispatching build started information...
2022-03-08T23:29:13.283+0200 [DEBUG] [org.gradle.launcher.daemon.server.SynchronizedDispatchConnection] thread 30: dispatching org.gradle.launcher.daemon.protocol.BuildStarted@5a513cdb
2022-03-08T23:29:13.284+0200 [DEBUG] [org.gradle.launcher.daemon.server.exec.EstablishBuildEnvironment] Configuring env variables: [USERDOMAIN_ROAMINGPROFILE, LOCALAPPDATA, PROCESSOR_LEVEL, USERDOMAIN, LOGONSERVER, JAVA_HOME, SESSIONNAME, ALLUSERSPROFILE, PROCESSOR_ARCHITECTURE, PSModulePath, SystemDrive, OneDrive, APPDATA, USERNAME, ProgramFiles(x86), CommonProgramFiles, Path, PATHEXT, DriverData, OS, OneDriveConsumer, COMPUTERNAME, PROCESSOR_REVISION, CommonProgramW6432, ComSpec, ProgramData, ProgramW6432, TEMP, HOMEPATH, SystemRoot, PROCESSOR_IDENTIFIER, HOMEDRIVE, USERPROFILE, TMP, CommonProgramFiles(x86), ProgramFiles, PUBLIC, windir, NUMBER_OF_PROCESSORS, =::, IDEA_INITIAL_DIRECTORY]
2022-03-08T23:29:13.284+0200 [DEBUG] [org.gradle.launcher.daemon.server.SynchronizedDispatchConnection] thread 449: received class org.gradle.launcher.daemon.protocol.CloseInput
2022-03-08T23:29:13.284+0200 [DEBUG] [org.gradle.launcher.daemon.server.DefaultDaemonConnection] thread 449: Received IO message from client: org.gradle.launcher.daemon.protocol.CloseInput@73f0cd46
2022-03-08T23:29:13.285+0200 [DEBUG] [org.gradle.launcher.daemon.server.exec.LogToClient] About to start relaying all logs to the client via the connection.
2022-03-08T23:29:13.285+0200 [INFO] [org.gradle.launcher.daemon.server.exec.LogToClient] The client will now receive all logging from the daemon (pid: 25288). The daemon log file: C:\Users\dhaka\AndroidStudioProjects\recipe-app\daemon\7.2\daemon-25288.out.log
2022-03-08T23:29:13.285+0200 [INFO] [org.gradle.launcher.daemon.server.exec.LogAndCheckHealth] Starting 3rd build in daemon [uptime: 1 mins 36.421 secs, performance: 99%]
2022-03-08T23:29:13.286+0200 [DEBUG] [org.gradle.launcher.daemon.server.exec.ExecuteBuild] The daemon has started executing the build.
2022-03-08T23:29:13.286+0200 [INFO] [org.gradle.launcher.daemon.server.exec.ForwardClientInput] Closing daemon's stdin at end of input.
2022-03-08T23:29:13.286+0200 [DEBUG] [org.gradle.launcher.daemon.server.exec.ExecuteBuild] Executing build with daemon context: DefaultDaemonContext[uid=03d31f07-7084-4467-81f8-1380e44f0596,javaHome=C:\Program Files\Android\Android Studio\jre,daemonRegistryDir=C:\Users\dhaka\AndroidStudioProjects\recipe-app\daemon,pid=25288,idleTimeout=10800000,priority=NORMAL,daemonOpts=--add-opens,java.base/java.util=ALL-UNNAMED,--add-opens,java.base/java.lang=ALL-UNNAMED,--add-opens,java.base/java.lang.invoke=ALL-UNNAMED,--add-opens,java.base/java.util=ALL-UNNAMED,--add-opens,java.prefs/java.util.prefs=ALL-UNNAMED,--add-opens,java.prefs/java.util.prefs=ALL-UNNAMED,--add-opens,java.base/java.nio.charset=ALL-UNNAMED,--add-opens,java.base/java.net=ALL-UNNAMED,--add-opens,java.base/java.util.concurrent.atomic=ALL-UNNAMED,-Xmx2048m,-Dfile.encoding=UTF-8,-Duser.country=GB,-Duser.language=en,-Duser.variant]
2022-03-08T23:29:13.286+0200 [INFO] [org.gradle.launcher.daemon.server.exec.ForwardClientInput] The daemon will no longer process any standard input.

BUILD SUCCESSFUL in 34s
30 actionable tasks: 3 executed, 27 up-to-date
2022-03-08T23:29:47.925+0200 [DEBUG] [org.gradle.launcher.daemon.server.exec.ExecuteBuild] The daemon has finished executing the build.
2022-03-08T23:29:47.942+0200 [DEBUG] [org.gradle.launcher.daemon.server.DaemonStateCoordinator] daemon is running. Sleeping until state changes.
2022-03-08T23:29:47.942+0200 [DEBUG] [org.gradle.launcher.daemon.server.DaemonStateCoordinator] Command execution: finished waiting for DaemonCommandExecution[command = Build{id=0b4d3340-cdc8-4802-b547-0622dfcf2cab, currentDir=C:\Users\dhaka\AndroidStudioProjects\Assignment61}, connection = DefaultDaemonConnection: socket connection from /127.0.0.1:63740 to /127.0.0.1:63878]. Result org.gradle.launcher.daemon.server.DaemonStateCoordinator@1c104025 with state Busy
2022-03-08T23:29:47.942+0200 [DEBUG] [org.gradle.launcher.daemon.server.DaemonStateCoordinator] Command execution: completed DaemonCommandExecution[command = Build{id=0b4d3340-cdc8-4802-b547-0622dfcf2cab, currentDir=C:\Users\dhaka\AndroidStudioProjects\Assignment61}, connection = DefaultDaemonConnection: socket connection from /127.0.0.1:63740 to /127.0.0.1:63878]
2022-03-08T23:29:47.942+0200 [DEBUG] [org.gradle.launcher.daemon.server.DaemonStateCoordinator] resetting idle timer
2022-03-08T23:29:47.942+0200 [INFO] [org.gradle.launcher.daemon.server.DaemonRegistryUpdater] Marking the daemon as idle, address: [9bc0212b-bc67-4754-8acf-be00c1d69bf4 port:63740, addresses:[localhost/127.0.0.1]]
2022-03-08T23:29:47.942+0200 [DEBUG] [org.gradle.launcher.daemon.registry.PersistentDaemonRegistry] Marking busy by address: [9bc0212b-bc67-4754-8acf-be00c1d69bf4 port:63740, addresses:[localhost/127.0.0.1]]
2022-03-08T23:29:47.943+0200 [DEBUG] [org.gradle.cache.internal.DefaultFileLockManager] Waiting to acquire exclusive lock on daemon addresses registry.
2022-03-08T23:29:47.944+0200 [DEBUG] [org.gradle.cache.internal.DefaultFileLockManager] Lock acquired on daemon addresses registry.
2022-03-08T23:29:47.945+0200 [DEBUG] [org.gradle.cache.internal.DefaultFileLockManager] Releasing lock on daemon addresses registry.
2022-03-08T23:29:47.945+0200 [DEBUG] [org.gradle.launcher.daemon.server.exec.ReturnResult] Daemon is dispatching the build result: Success[value=org.gradle.launcher.exec.BuildActionResult@17b115d4]
2022-03-08T23:29:47.945+0200 [DEBUG] [org.gradle.launcher.daemon.server.DaemonStateCoordinator] daemon is running. Sleeping until state changes.
2022-03-08T23:29:47.945+0200 [DEBUG] [org.gradle.launcher.daemon.server.SynchronizedDispatchConnection] thread 27: dispatching Success[value=org.gradle.launcher.exec.BuildActionResult@17b115d4]
2022-03-08T23:29:47.945+0200 [DEBUG] [org.gradle.launcher.daemon.server.DefaultIncomingConnectionHandler] Finishing executing command: Build{id=0b4d3340-cdc8-4802-b547-0622dfcf2cab, currentDir=C:\Users\dhaka\AndroidStudioProjects\Assignment61}
2022-03-08T23:29:47.946+0200 [DEBUG] [org.gradle.launcher.daemon.server.SynchronizedDispatchConnection] thread 449: received class org.gradle.launcher.daemon.protocol.Finished
2022-03-08T23:29:47.946+0200 [DEBUG] [org.gradle.launcher.daemon.server.DefaultDaemonConnection] thread 449: Received non-IO message from client: org.gradle.launcher.daemon.protocol.Finished@7d373d48
2022-03-08T23:29:47.946+0200 [DEBUG] [org.gradle.launcher.daemon.server.DefaultIncomingConnectionHandler] Received finished message: org.gradle.launcher.daemon.protocol.Finished@7d373d48
2022-03-08T23:29:47.946+0200 [DEBUG] [org.gradle.launcher.daemon.server.SynchronizedDispatchConnection] thread 27: stopping connection
2022-03-08T23:29:47.946+0200 [DEBUG] [org.gradle.internal.remote.internal.inet.SocketConnection] Discarding EOFException: java.io.EOFException
2022-03-08T23:29:47.946+0200 [DEBUG] [org.gradle.launcher.daemon.server.SynchronizedDispatchConnection] thread 449: received null
2022-03-08T23:29:47.946+0200 [DEBUG] [org.gradle.launcher.daemon.server.DefaultDaemonConnection] thread 449: Received end-of-input from client.
2022-03-08T23:29:47.947+0200 [DEBUG] [org.gradle.launcher.daemon.server.SynchronizedDispatchConnection] thread 27: stopping connection
2022-03-08T23:29:57.247+0200 [DEBUG] [org.gradle.cache.internal.DefaultFileLockManager] Waiting to acquire shared lock on daemon addresses registry.
2022-03-08T23:29:57.248+0200 [DEBUG] [org.gradle.cache.internal.DefaultFileLockManager] Lock acquired on daemon addresses registry.
2022-03-08T23:29:57.248+0200 [DEBUG] [org.gradle.cache.internal.DefaultFileLockManager] Releasing lock on daemon addresses registry.
2022-03-08T23:29:57.249+0200 [DEBUG] [org.gradle.cache.internal.DefaultFileLockManager] Waiting to acquire shared lock on daemon addresses registry.
2022-03-08T23:29:57.249+0200 [DEBUG] [org.gradle.cache.internal.DefaultFileLockManager] Lock acquired on daemon addresses registry.
2022-03-08T23:29:57.249+0200 [DEBUG] [org.gradle.cache.internal.DefaultFileLockManager] Releasing lock on daemon addresses registry.
2022-03-08T23:30:07.255+0200 [DEBUG] [org.gradle.cache.internal.DefaultFileLockManager] Waiting to acquire shared lock on daemon addresses registry.
2022-03-08T23:30:07.255+0200 [DEBUG] [org.gradle.cache.internal.DefaultFileLockManager] Lock acquired on daemon addresses registry.
2022-03-08T23:30:07.255+0200 [DEBUG] [org.gradle.cache.internal.DefaultFileLockManager] Releasing lock on daemon addresses registry.
2022-03-08T23:30:07.256+0200 [DEBUG] [org.gradle.cache.internal.DefaultFileLockManager] Waiting to acquire shared lock on daemon addresses registry.
2022-03-08T23:30:07.256+0200 [DEBUG] [org.gradle.cache.internal.DefaultFileLockManager] Lock acquired on daemon addresses registry.
2022-03-08T23:30:07.256+0200 [DEBUG] [org.gradle.cache.internal.DefaultFileLockManager] Releasing lock on daemon addresses registry.
2022-03-08T23:30:07.257+0200 [DEBUG] [org.gradle.cache.internal.DefaultFileLockManager] Waiting to acquire shared lock on daemon addresses registry.
2022-03-08T23:30:07.257+0200 [DEBUG] [org.gradle.cache.internal.DefaultFileLockManager] Lock acquired on daemon addresses registry.
2022-03-08T23:30:07.257+0200 [DEBUG] [org.gradle.cache.internal.DefaultFileLockManager] Releasing lock on daemon addresses registry.
2022-03-08T23:30:13.882+0200 [DEBUG] [org.gradle.internal.remote.internal.inet.TcpIncomingConnector] Accepted connection from /127.0.0.1:63993 to /127.0.0.1:63740.
2022-03-08T23:30:13.885+0200 [DEBUG] [org.gradle.launcher.daemon.server.SynchronizedDispatchConnection] thread 644: received class org.gradle.launcher.daemon.protocol.Build
2022-03-08T23:30:13.885+0200 [DEBUG] [org.gradle.launcher.daemon.server.DefaultDaemonConnection] thread 644: Received non-IO message from client: Build{id=f20f77df-730f-4d0f-a8ae-2bc9c212c7bc, currentDir=C:\Users\dhaka\AndroidStudioProjects\Assignment61}
2022-03-08T23:30:13.885+0200 [INFO] [org.gradle.launcher.daemon.server.DefaultIncomingConnectionHandler] Received command: Build{id=f20f77df-730f-4d0f-a8ae-2bc9c212c7bc, currentDir=C:\Users\dhaka\AndroidStudioProjects\Assignment61}.
2022-03-08T23:30:13.885+0200 [DEBUG] [org.gradle.launcher.daemon.server.DefaultIncomingConnectionHandler] Starting executing command: Build{id=f20f77df-730f-4d0f-a8ae-2bc9c212c7bc, currentDir=C:\Users\dhaka\AndroidStudioProjects\Assignment61} with connection: socket connection from /127.0.0.1:63740 to /127.0.0.1:63993.
2022-03-08T23:30:13.886+0200 [DEBUG] [org.gradle.launcher.daemon.server.DaemonStateCoordinator] Command execution: started DaemonCommandExecution[command = Build{id=f20f77df-730f-4d0f-a8ae-2bc9c212c7bc, currentDir=C:\Users\dhaka\AndroidStudioProjects\Assignment61}, connection = DefaultDaemonConnection: socket connection from /127.0.0.1:63740 to /127.0.0.1:63993] after 0.0 minutes of idle
2022-03-08T23:30:13.886+0200 [INFO] [org.gradle.launcher.daemon.server.DaemonRegistryUpdater] Marking the daemon as busy, address: [9bc0212b-bc67-4754-8acf-be00c1d69bf4 port:63740, addresses:[localhost/127.0.0.1]]
2022-03-08T23:30:13.886+0200 [DEBUG] [org.gradle.launcher.daemon.registry.PersistentDaemonRegistry] Marking busy by address: [9bc0212b-bc67-4754-8acf-be00c1d69bf4 port:63740, addresses:[localhost/127.0.0.1]]
2022-03-08T23:30:13.887+0200 [DEBUG] [org.gradle.cache.internal.DefaultFileLockManager] Waiting to acquire exclusive lock on daemon addresses registry.
2022-03-08T23:30:13.887+0200 [DEBUG] [org.gradle.cache.internal.DefaultFileLockManager] Lock acquired on daemon addresses registry.
2022-03-08T23:30:13.888+0200 [DEBUG] [org.gradle.cache.internal.DefaultFileLockManager] Releasing lock on daemon addresses registry.
2022-03-08T23:30:13.889+0200 [DEBUG] [org.gradle.launcher.daemon.server.DaemonStateCoordinator] resetting idle timer
2022-03-08T23:30:13.889+0200 [DEBUG] [org.gradle.launcher.daemon.server.DaemonStateCoordinator] daemon is running. Sleeping until state changes.
2022-03-08T23:30:13.889+0200 [INFO] [org.gradle.launcher.daemon.server.exec.StartBuildOrRespondWithBusy] Daemon is about to start building Build{id=f20f77df-730f-4d0f-a8ae-2bc9c212c7bc, currentDir=C:\Users\dhaka\AndroidStudioProjects\Assignment61}. Dispatching build started information...
2022-03-08T23:30:13.889+0200 [DEBUG] [org.gradle.launcher.daemon.server.SynchronizedDispatchConnection] thread 30: dispatching org.gradle.launcher.daemon.protocol.BuildStarted@2d79fe8f
2022-03-08T23:30:13.890+0200 [DEBUG] [org.gradle.launcher.daemon.server.exec.EstablishBuildEnvironment] Configuring env variables: [USERDOMAIN_ROAMINGPROFILE, LOCALAPPDATA, PROCESSOR_LEVEL, USERDOMAIN, LOGONSERVER, JAVA_HOME, SESSIONNAME, ALLUSERSPROFILE, PROCESSOR_ARCHITECTURE, PSModulePath, SystemDrive, OneDrive, APPDATA, USERNAME, ProgramFiles(x86), CommonProgramFiles, Path, PATHEXT, DriverData, OS, OneDriveConsumer, COMPUTERNAME, PROCESSOR_REVISION, CommonProgramW6432, ComSpec, ProgramData, ProgramW6432, TEMP, HOMEPATH, SystemRoot, PROCESSOR_IDENTIFIER, HOMEDRIVE, USERPROFILE, TMP, CommonProgramFiles(x86), ProgramFiles, PUBLIC, windir, NUMBER_OF_PROCESSORS, =::, IDEA_INITIAL_DIRECTORY]
2022-03-08T23:30:13.890+0200 [DEBUG] [org.gradle.launcher.daemon.server.SynchronizedDispatchConnection] thread 644: received class org.gradle.launcher.daemon.protocol.CloseInput
2022-03-08T23:30:13.890+0200 [DEBUG] [org.gradle.launcher.daemon.server.DefaultDaemonConnection] thread 644: Received IO message from client: org.gradle.launcher.daemon.protocol.CloseInput@616ad240
2022-03-08T23:30:13.891+0200 [DEBUG] [org.gradle.launcher.daemon.server.exec.LogToClient] About to start relaying all logs to the client via the connection.
2022-03-08T23:30:13.891+0200 [INFO] [org.gradle.launcher.daemon.server.exec.LogToClient] The client will now receive all logging from the daemon (pid: 25288). The daemon log file: C:\Users\dhaka\AndroidStudioProjects\recipe-app\daemon\7.2\daemon-25288.out.log
2022-03-08T23:30:13.892+0200 [INFO] [org.gradle.launcher.daemon.server.exec.LogAndCheckHealth] Starting 4th build in daemon [uptime: 2 mins 37.028 secs, performance: 100%]
2022-03-08T23:30:13.892+0200 [DEBUG] [org.gradle.launcher.daemon.server.exec.ExecuteBuild] The daemon has started executing the build.
2022-03-08T23:30:13.892+0200 [INFO] [org.gradle.launcher.daemon.server.exec.ForwardClientInput] Closing daemon's stdin at end of input.
2022-03-08T23:30:13.892+0200 [DEBUG] [org.gradle.launcher.daemon.server.exec.ExecuteBuild] Executing build with daemon context: DefaultDaemonContext[uid=03d31f07-7084-4467-81f8-1380e44f0596,javaHome=C:\Program Files\Android\Android Studio\jre,daemonRegistryDir=C:\Users\dhaka\AndroidStudioProjects\recipe-app\daemon,pid=25288,idleTimeout=10800000,priority=NORMAL,daemonOpts=--add-opens,java.base/java.util=ALL-UNNAMED,--add-opens,java.base/java.lang=ALL-UNNAMED,--add-opens,java.base/java.lang.invoke=ALL-UNNAMED,--add-opens,java.base/java.util=ALL-UNNAMED,--add-opens,java.prefs/java.util.prefs=ALL-UNNAMED,--add-opens,java.prefs/java.util.prefs=ALL-UNNAMED,--add-opens,java.base/java.nio.charset=ALL-UNNAMED,--add-opens,java.base/java.net=ALL-UNNAMED,--add-opens,java.base/java.util.concurrent.atomic=ALL-UNNAMED,-Xmx2048m,-Dfile.encoding=UTF-8,-Duser.country=GB,-Duser.language=en,-Duser.variant]
2022-03-08T23:30:13.892+0200 [INFO] [org.gradle.launcher.daemon.server.exec.ForwardClientInput] The daemon will no longer process any standard input.

BUILD SUCCESSFUL in 457ms
30 actionable tasks: 30 up-to-date
2022-03-08T23:30:14.351+0200 [DEBUG] [org.gradle.launcher.daemon.server.exec.ExecuteBuild] The daemon has finished executing the build.
2022-03-08T23:30:14.368+0200 [DEBUG] [org.gradle.launcher.daemon.server.DaemonStateCoordinator] daemon is running. Sleeping until state changes.
2022-03-08T23:30:14.368+0200 [DEBUG] [org.gradle.launcher.daemon.server.DaemonStateCoordinator] Command execution: finished waiting for DaemonCommandExecution[command = Build{id=f20f77df-730f-4d0f-a8ae-2bc9c212c7bc, currentDir=C:\Users\dhaka\AndroidStudioProjects\Assignment61}, connection = DefaultDaemonConnection: socket connection from /127.0.0.1:63740 to /127.0.0.1:63993]. Result org.gradle.launcher.daemon.server.DaemonStateCoordinator@1c104025 with state Busy
2022-03-08T23:30:14.368+0200 [DEBUG] [org.gradle.launcher.daemon.server.DaemonStateCoordinator] Command execution: completed DaemonCommandExecution[command = Build{id=f20f77df-730f-4d0f-a8ae-2bc9c212c7bc, currentDir=C:\Users\dhaka\AndroidStudioProjects\Assignment61}, connection = DefaultDaemonConnection: socket connection from /127.0.0.1:63740 to /127.0.0.1:63993]
2022-03-08T23:30:14.368+0200 [DEBUG] [org.gradle.launcher.daemon.server.DaemonStateCoordinator] resetting idle timer
2022-03-08T23:30:14.369+0200 [INFO] [org.gradle.launcher.daemon.server.DaemonRegistryUpdater] Marking the daemon as idle, address: [9bc0212b-bc67-4754-8acf-be00c1d69bf4 port:63740, addresses:[localhost/127.0.0.1]]
2022-03-08T23:30:14.369+0200 [DEBUG] [org.gradle.launcher.daemon.registry.PersistentDaemonRegistry] Marking busy by address: [9bc0212b-bc67-4754-8acf-be00c1d69bf4 port:63740, addresses:[localhost/127.0.0.1]]
2022-03-08T23:30:14.370+0200 [DEBUG] [org.gradle.cache.internal.DefaultFileLockManager] Waiting to acquire exclusive lock on daemon addresses registry.
2022-03-08T23:30:14.370+0200 [DEBUG] [org.gradle.cache.internal.DefaultFileLockManager] Lock acquired on daemon addresses registry.
2022-03-08T23:30:14.371+0200 [DEBUG] [org.gradle.cache.internal.DefaultFileLockManager] Releasing lock on daemon addresses registry.
2022-03-08T23:30:14.372+0200 [DEBUG] [org.gradle.launcher.daemon.server.DaemonStateCoordinator] daemon is running. Sleeping until state changes.
2022-03-08T23:30:14.372+0200 [DEBUG] [org.gradle.launcher.daemon.server.exec.ReturnResult] Daemon is dispatching the build result: Success[value=org.gradle.launcher.exec.BuildActionResult@154a7446]
2022-03-08T23:30:14.372+0200 [DEBUG] [org.gradle.launcher.daemon.server.SynchronizedDispatchConnection] thread 27: dispatching Success[value=org.gradle.launcher.exec.BuildActionResult@154a7446]
2022-03-08T23:30:14.372+0200 [DEBUG] [org.gradle.launcher.daemon.server.DefaultIncomingConnectionHandler] Finishing executing command: Build{id=f20f77df-730f-4d0f-a8ae-2bc9c212c7bc, currentDir=C:\Users\dhaka\AndroidStudioProjects\Assignment61}
2022-03-08T23:30:14.372+0200 [DEBUG] [org.gradle.launcher.daemon.server.SynchronizedDispatchConnection] thread 644: received class org.gradle.launcher.daemon.protocol.Finished
2022-03-08T23:30:14.372+0200 [DEBUG] [org.gradle.launcher.daemon.server.DefaultDaemonConnection] thread 644: Received non-IO message from client: org.gradle.launcher.daemon.protocol.Finished@6fad301d
2022-03-08T23:30:14.372+0200 [DEBUG] [org.gradle.launcher.daemon.server.DefaultIncomingConnectionHandler] Received finished message: org.gradle.launcher.daemon.protocol.Finished@6fad301d
2022-03-08T23:30:14.372+0200 [DEBUG] [org.gradle.internal.remote.internal.inet.SocketConnection] Discarding EOFException: java.io.EOFException
2022-03-08T23:30:14.372+0200 [DEBUG] [org.gradle.launcher.daemon.server.SynchronizedDispatchConnection] thread 27: stopping connection
2022-03-08T23:30:14.372+0200 [DEBUG] [org.gradle.launcher.daemon.server.SynchronizedDispatchConnection] thread 644: received null
2022-03-08T23:30:14.373+0200 [DEBUG] [org.gradle.launcher.daemon.server.DefaultDaemonConnection] thread 644: Received end-of-input from client.
2022-03-08T23:30:14.373+0200 [DEBUG] [org.gradle.launcher.daemon.server.SynchronizedDispatchConnection] thread 27: stopping connection
2022-03-08T23:30:17.057+0200 [DEBUG] [org.gradle.internal.remote.internal.inet.TcpIncomingConnector] Accepted connection from /127.0.0.1:64001 to /127.0.0.1:63740.
2022-03-08T23:30:17.064+0200 [DEBUG] [org.gradle.launcher.daemon.server.SynchronizedDispatchConnection] thread 832: received class org.gradle.launcher.daemon.protocol.StopWhenIdle
2022-03-08T23:30:17.064+0200 [DEBUG] [org.gradle.launcher.daemon.server.DefaultDaemonConnection] thread 832: Received non-IO message from client: StopWhenIdle[id=37140ef2-8b22-4a19-a52f-f838f98d3944]
2022-03-08T23:30:17.064+0200 [INFO] [org.gradle.launcher.daemon.server.DefaultIncomingConnectionHandler] Received command: StopWhenIdle[id=37140ef2-8b22-4a19-a52f-f838f98d3944].
2022-03-08T23:30:17.064+0200 [DEBUG] [org.gradle.launcher.daemon.server.DefaultIncomingConnectionHandler] Starting executing command: StopWhenIdle[id=37140ef2-8b22-4a19-a52f-f838f98d3944] with connection: socket connection from /127.0.0.1:63740 to /127.0.0.1:64001.
2022-03-08T23:30:17.065+0200 [DEBUG] [org.gradle.launcher.daemon.server.DaemonRegistryUpdater] Storing daemon stop event: stop command received
2022-03-08T23:30:17.066+0200 [DEBUG] [org.gradle.launcher.daemon.registry.PersistentDaemonRegistry] Storing daemon stop event with timestamp 1646775017065
2022-03-08T23:30:17.067+0200 [DEBUG] [org.gradle.cache.internal.DefaultFileLockManager] Waiting to acquire exclusive lock on daemon addresses registry.
2022-03-08T23:30:17.068+0200 [DEBUG] [org.gradle.cache.internal.DefaultFileLockManager] Lock acquired on daemon addresses registry.
2022-03-08T23:30:17.070+0200 [DEBUG] [org.gradle.cache.internal.DefaultFileLockManager] Releasing lock on daemon addresses registry.
2022-03-08T23:30:17.070+0200 [LIFECYCLE] [org.gradle.launcher.daemon.server.DaemonStateCoordinator] Daemon will be stopped at the end of the build stop command received
2022-03-08T23:30:17.070+0200 [DEBUG] [org.gradle.launcher.daemon.server.DaemonStateCoordinator] Marking daemon stopped due to stop command received. The daemon is running a build: false
2022-03-08T23:30:17.070+0200 [DEBUG] [org.gradle.launcher.daemon.server.DaemonStateCoordinator] daemon has stopped.
2022-03-08T23:30:17.071+0200 [DEBUG] [org.gradle.launcher.daemon.server.Daemon] stop() called on daemon
2022-03-08T23:30:17.071+0200 [DEBUG] [org.gradle.launcher.daemon.server.SynchronizedDispatchConnection] thread 27: dispatching Success[value=null]
2022-03-08T23:30:17.071+0200 [INFO] [org.gradle.launcher.daemon.server.Daemon] Stop requested. Daemon is removing its presence from the registry...
2022-03-08T23:30:17.071+0200 [DEBUG] [org.gradle.launcher.daemon.server.DefaultIncomingConnectionHandler] Finishing executing command: StopWhenIdle[id=37140ef2-8b22-4a19-a52f-f838f98d3944]
2022-03-08T23:30:17.071+0200 [DEBUG] [org.gradle.launcher.daemon.server.SynchronizedDispatchConnection] thread 832: received class org.gradle.launcher.daemon.protocol.Finished
2022-03-08T23:30:17.071+0200 [DEBUG] [org.gradle.launcher.daemon.server.DaemonRegistryUpdater] Removing our presence to clients, eg. removing this address from the registry: [9bc0212b-bc67-4754-8acf-be00c1d69bf4 port:63740, addresses:[localhost/127.0.0.1]]
2022-03-08T23:30:17.071+0200 [DEBUG] [org.gradle.launcher.daemon.server.DefaultDaemonConnection] thread 832: Received non-IO message from client: org.gradle.launcher.daemon.protocol.Finished@4c3ebb38
2022-03-08T23:30:17.071+0200 [DEBUG] [org.gradle.launcher.daemon.registry.PersistentDaemonRegistry] Removing daemon address: [9bc0212b-bc67-4754-8acf-be00c1d69bf4 port:63740, addresses:[localhost/127.0.0.1]]
2022-03-08T23:30:17.071+0200 [DEBUG] [org.gradle.launcher.daemon.server.DefaultIncomingConnectionHandler] Received finished message: org.gradle.launcher.daemon.protocol.Finished@4c3ebb38
2022-03-08T23:30:17.071+0200 [DEBUG] [org.gradle.internal.remote.internal.inet.SocketConnection] Discarding EOFException: java.io.EOFException
2022-03-08T23:30:17.072+0200 [DEBUG] [org.gradle.launcher.daemon.server.SynchronizedDispatchConnection] thread 27: stopping connection
2022-03-08T23:30:17.072+0200 [DEBUG] [org.gradle.launcher.daemon.server.SynchronizedDispatchConnection] thread 832: received null
2022-03-08T23:30:17.072+0200 [DEBUG] [org.gradle.launcher.daemon.server.DefaultDaemonConnection] thread 832: Received end-of-input from client.
2022-03-08T23:30:17.073+0200 [DEBUG] [org.gradle.launcher.daemon.server.SynchronizedDispatchConnection] thread 27: stopping connection
2022-03-08T23:30:17.073+0200 [DEBUG] [org.gradle.cache.internal.DefaultFileLockManager] Waiting to acquire exclusive lock on daemon addresses registry.
2022-03-08T23:30:17.073+0200 [DEBUG] [org.gradle.cache.internal.DefaultFileLockManager] Lock acquired on daemon addresses registry.
2022-03-08T23:30:17.075+0200 [DEBUG] [org.gradle.cache.internal.DefaultFileLockManager] Releasing lock on daemon addresses registry.
2022-03-08T23:30:17.076+0200 [DEBUG] [org.gradle.launcher.daemon.server.DaemonRegistryUpdater] Address removed from registry.
2022-03-08T23:30:17.077+0200 [DEBUG] [org.gradle.cache.internal.LockOnDemandCrossProcessCacheAccess] Releasing file lock for jars (C:\Users\dhaka\AndroidStudioProjects\recipe-app\caches\jars-9)
2022-03-08T23:30:17.077+0200 [DEBUG] [org.gradle.cache.internal.DefaultFileLockManager] Releasing lock on jars (C:\Users\dhaka\AndroidStudioProjects\recipe-app\caches\jars-9).
2022-03-08T23:30:17.080+0200 [DEBUG] [org.gradle.cache.internal.LockOnDemandCrossProcessCacheAccess] Releasing file lock for file content cache (C:\Users\dhaka\AndroidStudioProjects\recipe-app\caches\7.2\fileContent)
2022-03-08T23:30:17.080+0200 [DEBUG] [org.gradle.cache.internal.DefaultFileLockManager] Releasing lock on file content cache (C:\Users\dhaka\AndroidStudioProjects\recipe-app\caches\7.2\fileContent).
2022-03-08T23:30:17.082+0200 [DEBUG] [org.gradle.cache.internal.LockOnDemandCrossProcessCacheAccess] Releasing file lock for Artifact transforms cache (C:\Users\dhaka\AndroidStudioProjects\recipe-app\caches\transforms-3)
2022-03-08T23:30:17.082+0200 [DEBUG] [org.gradle.internal.watch.registry.impl.DefaultFileWatcherRegistry] Finished listening to file system change events
2022-03-08T23:30:17.083+0200 [DEBUG] [org.gradle.cache.internal.DefaultFileLockManager] Releasing lock on Artifact transforms cache (C:\Users\dhaka\AndroidStudioProjects\recipe-app\caches\transforms-3).
2022-03-08T23:30:17.084+0200 [DEBUG] [org.gradle.cache.internal.LockOnDemandCrossProcessCacheAccess] Releasing file lock for artifact cache (C:\Users\dhaka\AndroidStudioProjects\recipe-app\caches\modules-2)
2022-03-08T23:30:17.085+0200 [DEBUG] [org.gradle.cache.internal.btree.BTreePersistentIndexedCache] Closing cache module-metadata.bin (C:\Users\dhaka\AndroidStudioProjects\recipe-app\caches\modules-2\metadata-2.97\module-metadata.bin)
2022-03-08T23:30:17.085+0200 [DEBUG] [org.gradle.cache.internal.btree.BTreePersistentIndexedCache] Closing cache module-artifact.bin (C:\Users\dhaka\AndroidStudioProjects\recipe-app\caches\modules-2\metadata-2.97\module-artifact.bin)
2022-03-08T23:30:17.086+0200 [DEBUG] [org.gradle.cache.internal.btree.BTreePersistentIndexedCache] Closing cache module-artifacts.bin (C:\Users\dhaka\AndroidStudioProjects\recipe-app\caches\modules-2\metadata-2.97\module-artifacts.bin)
2022-03-08T23:30:17.086+0200 [DEBUG] [org.gradle.cache.internal.btree.BTreePersistentIndexedCache] Closing cache resource-at-url.bin (C:\Users\dhaka\AndroidStudioProjects\recipe-app\caches\modules-2\metadata-2.97\resource-at-url.bin)
2022-03-08T23:30:17.087+0200 [DEBUG] [org.gradle.cache.internal.DefaultFileLockManager] Releasing lock on artifact cache (C:\Users\dhaka\AndroidStudioProjects\recipe-app\caches\modules-2).
2022-03-08T23:30:17.089+0200 [DEBUG] [org.gradle.cache.internal.DefaultCacheAccess] Cache Generated Gradle JARs cache (C:\Users\dhaka\AndroidStudioProjects\recipe-app\caches\7.2\generated-gradle-jars) was closed 0 times.
2022-03-08T23:30:17.089+0200 [DEBUG] [org.gradle.cache.internal.LockOnDemandCrossProcessCacheAccess] Releasing file lock for journal cache (C:\Users\dhaka\AndroidStudioProjects\recipe-app\caches\journal-1)
2022-03-08T23:30:17.089+0200 [DEBUG] [org.gradle.cache.internal.btree.BTreePersistentIndexedCache] Closing cache file-access.bin (C:\Users\dhaka\AndroidStudioProjects\recipe-app\caches\journal-1\file-access.bin)
2022-03-08T23:30:17.090+0200 [DEBUG] [org.gradle.cache.internal.DefaultFileLockManager] Releasing lock on journal cache (C:\Users\dhaka\AndroidStudioProjects\recipe-app\caches\journal-1).
2022-03-08T23:30:17.091+0200 [DEBUG] [org.gradle.cache.internal.LockOnDemandCrossProcessCacheAccess] Releasing file lock for file hash cache (C:\Users\dhaka\AndroidStudioProjects\recipe-app\caches\7.2\fileHashes)
2022-03-08T23:30:17.091+0200 [DEBUG] [org.gradle.cache.internal.btree.BTreePersistentIndexedCache] Closing cache fileHashes.bin (C:\Users\dhaka\AndroidStudioProjects\recipe-app\caches\7.2\fileHashes\fileHashes.bin)
2022-03-08T23:30:17.091+0200 [DEBUG] [org.gradle.cache.internal.btree.BTreePersistentIndexedCache] Closing cache resourceHashesCache.bin (C:\Users\dhaka\AndroidStudioProjects\recipe-app\caches\7.2\fileHashes\resourceHashesCache.bin)
2022-03-08T23:30:17.092+0200 [DEBUG] [org.gradle.cache.internal.DefaultFileLockManager] Releasing lock on file hash cache (C:\Users\dhaka\AndroidStudioProjects\recipe-app\caches\7.2\fileHashes).
2022-03-08T23:30:17.093+0200 [DEBUG] [org.gradle.cache.internal.LockOnDemandCrossProcessCacheAccess] Releasing file lock for execution history cache (C:\Users\dhaka\AndroidStudioProjects\recipe-app\caches\7.2\executionHistory)
2022-03-08T23:30:17.093+0200 [DEBUG] [org.gradle.cache.internal.btree.BTreePersistentIndexedCache] Closing cache executionHistory.bin (C:\Users\dhaka\AndroidStudioProjects\recipe-app\caches\7.2\executionHistory\executionHistory.bin)
2022-03-08T23:30:17.093+0200 [DEBUG] [org.gradle.cache.internal.DefaultFileLockManager] Releasing lock on execution history cache (C:\Users\dhaka\AndroidStudioProjects\recipe-app\caches\7.2\executionHistory).
2022-03-08T23:30:17.096+0200 [DEBUG] [org.gradle.cache.internal.VersionSpecificCacheCleanupAction] Processed version-specific caches at C:\Users\dhaka\AndroidStudioProjects\recipe-app\caches for cleanup in 0.001 secs
Daemon vm is shutting down... The daemon has exited normally or was terminated in response to a user interrupt.
2022-03-08T23:30:17.102+0200 [DEBUG] [org.gradle.launcher.daemon.registry.PersistentDaemonRegistry] Removing daemon address: [9bc0212b-bc67-4754-8acf-be00c1d69bf4 port:63740, addresses:[localhost/127.0.0.1]]
2022-03-08T23:30:17.103+0200 [DEBUG] [org.gradle.cache.internal.DefaultFileLockManager] Waiting to acquire exclusive lock on daemon addresses registry.
2022-03-08T23:30:17.103+0200 [DEBUG] [org.gradle.cache.internal.DefaultFileLockManager] Lock acquired on daemon addresses registry.
2022-03-08T23:30:17.104+0200 [DEBUG] [org.gradle.cache.internal.DefaultFileLockManager] Releasing lock on daemon addresses registry.
